<?xml version="1.0" encoding="UTF-8"?>
<!-- Generated by org.testng.reporters.JUnitReportReporter -->
<testsuite skipped="0" hostname="LAPTOP-CTRLAISOFTWARE" name="pkg_mavenTestNg.UipathRegistrationTestNGTest" tests="1" failures="0" timestamp="2022-08-28T10:40:55 IST" time="12.213" errors="0">
  <testcase name="uipathRegistration" time="12.213" classname="pkg_mavenTestNg.UipathRegistrationTestNGTest"/>
  <system-out/>
</testsuite> <!-- pkg_mavenTestNg.UipathRegistrationTestNGTest -->
