<?xml version="1.0" encoding="UTF-8"?>
<!-- Generated by org.testng.reporters.JUnitReportReporter -->
<testsuite skipped="0" hostname="LAPTOP-CTRLAISOFTWARE" name="pkg_mavenTestNg.SaucelabsAutomationTestNGTest" tests="4" failures="0" timestamp="2022-08-28T10:40:55 IST" time="12.262" errors="0">
  <testcase name="Login" time="3.190" classname="pkg_mavenTestNg.SaucelabsAutomationTestNGTest"/>
  <system-out/>
  <testcase name="checkout" time="1.307" classname="pkg_mavenTestNg.SaucelabsAutomationTestNGTest"/>
  <system-out/>
  <testcase name="CustormerDetails" time="2.168" classname="pkg_mavenTestNg.SaucelabsAutomationTestNGTest"/>
  <system-out/>
  <testcase name="Logout" time="5.597" classname="pkg_mavenTestNg.SaucelabsAutomationTestNGTest"/>
  <system-out/>
</testsuite> <!-- pkg_mavenTestNg.SaucelabsAutomationTestNGTest -->
