<?xml version="1.0" encoding="UTF-8"?>
<!-- Generated by org.testng.reporters.JUnitReportReporter -->
<testsuite hostname="LAPTOP-CTRLAISOFTWARE" name="pkg_mavenTestNg.SaucelabsAutomationTestNGTest" tests="4" failures="0" timestamp="16 Apr 2022 03:12:56 GMT" time="33.713" errors="0">
  <testcase name="Login" time="25.408" classname="pkg_mavenTestNg.SaucelabsAutomationTestNGTest"/>
  <testcase name="Logout" time="5.559" classname="pkg_mavenTestNg.SaucelabsAutomationTestNGTest"/>
  <testcase name="CustormerDetails" time="1.481" classname="pkg_mavenTestNg.SaucelabsAutomationTestNGTest"/>
  <testcase name="checkout" time="1.265" classname="pkg_mavenTestNg.SaucelabsAutomationTestNGTest"/>
</testsuite> <!-- pkg_mavenTestNg.SaucelabsAutomationTestNGTest -->
